2015-04-17 09:42:26 INFO  SessionHandler:144 - User successfully signed in
2015-04-17 09:42:58 INFO  SessionHandler:144 - User successfully signed in
2015-04-17 09:43:18 INFO  SessionHandler:144 - User successfully signed in
2015-04-17 09:53:21 INFO  SessionHandler:144 - User successfully signed in
2015-04-17 09:53:47 INFO  SessionHandler:144 - User successfully signed in
2015-04-17 09:54:49 INFO  SessionHandler:144 - User successfully signed in
2015-04-17 09:55:43 INFO  SessionHandler:144 - User successfully signed in
2015-04-17 09:58:15 INFO  SessionHandler:144 - User successfully signed in
2015-04-17 09:58:36 INFO  SessionHandler:144 - User successfully signed in
2015-04-17 09:58:52 INFO  SessionHandler:144 - User successfully signed in
2015-04-17 10:02:41 INFO  SessionHandler:144 - User successfully signed in
2015-04-17 10:14:06 INFO  SessionHandler:144 - User successfully signed in
2015-04-17 11:32:47 INFO  SessionHandler:144 - User successfully signed in
2015-04-17 11:51:08 INFO  SessionHandler:144 - User successfully signed in
2015-04-17 11:51:36 INFO  SessionHandler:144 - User successfully signed in
2015-04-17 11:52:48 INFO  SessionHandler:144 - User successfully signed in
2015-04-17 11:54:31 INFO  SessionHandler:144 - User successfully signed in
2015-04-17 12:03:34 INFO  SessionHandler:144 - User successfully signed in
2015-04-17 13:16:34 INFO  SessionHandler:144 - User successfully signed in
2015-04-17 13:17:08 INFO  SessionHandler:144 - User successfully signed in
2015-04-17 13:19:24 INFO  SessionHandler:144 - User successfully signed in
2015-04-17 13:20:21 INFO  SessionHandler:144 - User successfully signed in
2015-04-17 13:20:45 INFO  SessionHandler:144 - User successfully signed in
2015-04-17 13:32:09 INFO  SessionHandler:144 - User successfully signed in
2015-04-17 13:35:48 INFO  SessionHandler:144 - User successfully signed in
2015-04-17 13:36:27 INFO  SessionHandler:144 - User successfully signed in
2015-04-17 13:38:03 INFO  SessionHandler:144 - User successfully signed in
2015-04-17 13:46:44 INFO  SessionHandler:144 - User successfully signed in
2015-04-17 13:48:51 INFO  SessionHandler:144 - User successfully signed in
2015-04-17 13:52:54 INFO  SessionHandler:144 - User successfully signed in
2015-04-17 13:53:28 INFO  SessionHandler:144 - User successfully signed in
2015-04-17 13:54:11 INFO  SessionHandler:144 - User successfully signed in
2015-04-17 13:54:34 INFO  SessionHandler:144 - User successfully signed in
2015-04-17 13:54:49 INFO  SessionHandler:144 - User successfully signed in
2015-04-17 13:56:30 INFO  SessionHandler:144 - User successfully signed in
2015-04-17 14:07:13 INFO  SessionHandler:144 - User successfully signed in
2015-04-17 14:13:08 INFO  SessionHandler:144 - User successfully signed in
2015-04-17 14:17:13 INFO  SessionHandler:144 - User successfully signed in
2015-04-17 14:17:26 INFO  SessionHandler:144 - User successfully signed in
2015-04-17 14:18:29 INFO  SessionHandler:144 - User successfully signed in
2015-04-17 14:18:41 INFO  SessionHandler:144 - User successfully signed in
2015-04-17 14:19:00 INFO  SessionHandler:144 - User successfully signed in
2015-04-17 14:20:34 INFO  SessionHandler:144 - User successfully signed in
2015-04-17 14:24:00 INFO  SessionHandler:144 - User successfully signed in
2015-04-17 14:38:00 INFO  SessionHandler:144 - User successfully signed in
2015-04-17 14:46:46 INFO  SessionHandler:144 - User successfully signed in
2015-04-17 14:47:16 INFO  SessionHandler:144 - User successfully signed in
2015-04-17 14:48:44 INFO  SessionHandler:144 - User successfully signed in
2015-04-17 14:50:35 INFO  SessionHandler:144 - User successfully signed in
2015-04-17 14:52:27 INFO  SessionHandler:144 - User successfully signed in
2015-04-17 14:53:43 INFO  SessionHandler:144 - User successfully signed in
2015-04-17 14:54:48 INFO  SessionHandler:144 - User successfully signed in
2015-04-17 14:54:59 INFO  SessionHandler:144 - User successfully signed in
2015-04-17 14:55:08 INFO  SessionHandler:144 - User successfully signed in
2015-04-17 14:58:24 INFO  SessionHandler:144 - User successfully signed in
2015-04-17 14:59:01 INFO  SessionHandler:144 - User successfully signed in
2015-04-17 15:04:02 INFO  SessionHandler:144 - User successfully signed in
2015-04-17 15:12:21 INFO  SessionHandler:144 - User successfully signed in
2015-04-17 15:17:57 INFO  SessionHandler:144 - User successfully signed in
2015-04-17 15:33:10 INFO  SessionHandler:144 - User successfully signed in
2015-04-17 15:34:41 INFO  SessionHandler:144 - User successfully signed in
2015-04-17 15:34:57 INFO  SessionHandler:144 - User successfully signed in
2015-04-17 15:35:12 ERROR SessionHandler:304 - org.json.JSONException: JSONObject["status_code"] not found.
2015-04-17 15:35:29 INFO  SessionHandler:144 - User successfully signed in
2015-04-17 15:36:16 INFO  SessionHandler:144 - User successfully signed in
2015-04-17 15:40:16 INFO  SessionHandler:144 - User successfully signed in
2015-04-17 15:41:11 INFO  SessionHandler:144 - User successfully signed in
2015-04-17 15:41:41 INFO  SessionHandler:144 - User successfully signed in
2015-04-17 16:01:32 INFO  SessionHandler:144 - User successfully signed in
2015-04-17 16:02:14 INFO  SessionHandler:144 - User successfully signed in
2015-04-17 16:02:58 INFO  SessionHandler:144 - User successfully signed in
2015-04-17 16:05:38 INFO  SessionHandler:144 - User successfully signed in
2015-04-17 16:07:09 INFO  SessionHandler:144 - User successfully signed in
2015-04-17 16:07:28 INFO  SessionHandler:144 - User successfully signed in
2015-04-17 16:10:15 INFO  SessionHandler:144 - User successfully signed in
2015-04-17 16:28:37 INFO  SessionHandler:144 - User successfully signed in
2015-04-17 17:24:56 INFO  SessionHandler:150 - User login failure
2015-04-17 17:25:13 INFO  SessionHandler:144 - User successfully signed in
2015-04-17 17:32:16 INFO  SessionHandler:144 - User successfully signed in
2015-04-17 19:53:16 INFO  SessionHandler:144 - User successfully signed in
2015-04-18 14:02:35 ERROR SessionHandler:156 - java.net.UnknownHostException: herrlintech.se
2015-04-18 14:35:46 INFO  SessionHandler:140 - User successfully signed in
2015-04-18 14:35:46 INFO  SessionHandler:186 - User found and assigned to user session
2015-04-18 14:35:46 INFO  SessionHandler:260 - Timelines requested succesfully
2015-04-18 14:45:28 INFO  SessionHandler:140 - User successfully signed in
2015-04-18 14:45:28 INFO  SessionHandler:186 - User found and assigned to user session
2015-04-18 14:45:28 INFO  SessionHandler:260 - Timelines requested succesfully
2015-04-18 19:10:30 ERROR UserRegistration:57 - Something whent wrong in registration
Response code:400
2015-04-18 19:10:36 INFO  SessionHandler:140 - User successfully signed in
2015-04-18 19:10:36 INFO  SessionHandler:186 - User found and assigned to user session
2015-04-18 19:10:36 INFO  SessionHandler:260 - Timelines requested succesfully
2015-04-18 19:11:02 INFO  SessionHandler:311 - Timeline created
2015-04-19 11:14:48 INFO  SessionHandler:140 - User successfully signed in
2015-04-19 11:14:48 INFO  SessionHandler:186 - User found and assigned to user session
2015-04-19 11:14:48 INFO  SessionHandler:260 - Timelines requested succesfully
2015-04-19 11:16:01 INFO  SessionHandler:140 - User successfully signed in
2015-04-19 11:16:01 INFO  SessionHandler:186 - User found and assigned to user session
2015-04-19 11:16:01 INFO  SessionHandler:260 - Timelines requested succesfully
2015-04-19 11:16:33 INFO  SessionHandler:140 - User successfully signed in
2015-04-19 11:16:33 INFO  SessionHandler:186 - User found and assigned to user session
2015-04-19 11:16:33 INFO  SessionHandler:260 - Timelines requested succesfully
2015-04-20 13:53:58 ERROR UserRegistration:64 - java.net.UnknownHostException: herrlintech.se
2015-04-20 13:57:51 ERROR UserRegistration:64 - java.net.UnknownHostException: herrlintech.se
2015-04-20 13:58:10 ERROR SessionHandler:156 - java.net.UnknownHostException: herrlintech.se
2015-04-20 13:58:13 ERROR SessionHandler:156 - java.net.UnknownHostException: herrlintech.se
2015-04-20 13:58:15 ERROR SessionHandler:156 - java.net.UnknownHostException: herrlintech.se
2015-04-20 13:58:22 ERROR SessionHandler:156 - java.net.UnknownHostException: herrlintech.se
2015-04-20 13:58:30 ERROR SessionHandler:156 - java.net.UnknownHostException: herrlintech.se
2015-04-20 13:58:36 ERROR SessionHandler:156 - java.net.UnknownHostException: herrlintech.se
2015-04-20 13:59:07 INFO  SessionHandler:140 - User successfully signed in
2015-04-20 13:59:07 INFO  SessionHandler:186 - User found and assigned to user session
2015-04-20 13:59:07 INFO  SessionHandler:260 - Timelines requested succesfully
2015-04-20 13:59:34 INFO  UserRegistration:54 - User registration sent
2015-04-20 13:59:38 INFO  SessionHandler:140 - User successfully signed in
2015-04-20 13:59:38 INFO  SessionHandler:186 - User found and assigned to user session
2015-04-20 13:59:38 INFO  SessionHandler:260 - Timelines requested succesfully
2015-04-20 14:00:12 INFO  SessionHandler:311 - Timeline created
2015-04-20 14:00:22 INFO  SessionHandler:311 - Timeline created
2015-04-20 14:00:26 INFO  SessionHandler:311 - Timeline created
2015-04-20 14:00:30 INFO  SessionHandler:311 - Timeline created
2015-04-20 14:00:33 INFO  SessionHandler:311 - Timeline created
2015-04-20 14:00:37 INFO  SessionHandler:311 - Timeline created
2015-04-20 14:00:45 INFO  SessionHandler:140 - User successfully signed in
2015-04-20 14:00:45 INFO  SessionHandler:186 - User found and assigned to user session
2015-04-20 14:00:45 INFO  SessionHandler:260 - Timelines requested succesfully
2015-04-20 19:15:46 INFO  SessionHandler:140 - User successfully signed in
2015-04-20 19:15:46 INFO  SessionHandler:186 - User found and assigned to user session
2015-04-20 19:15:52 INFO  SessionHandler:140 - User successfully signed in
2015-04-20 19:15:52 INFO  SessionHandler:186 - User found and assigned to user session
2015-04-20 19:18:39 INFO  SessionHandler:140 - User successfully signed in
2015-04-20 19:18:39 INFO  SessionHandler:186 - User found and assigned to user session
2015-04-20 19:19:46 INFO  SessionHandler:140 - User successfully signed in
2015-04-20 19:19:47 INFO  SessionHandler:186 - User found and assigned to user session
2015-04-20 19:19:47 ERROR SessionHandler:264 - Not possible to get timelines.
	Response code: 403
2015-04-20 19:20:03 INFO  SessionHandler:140 - User successfully signed in
2015-04-20 19:20:03 INFO  SessionHandler:186 - User found and assigned to user session
2015-04-20 19:20:03 ERROR SessionHandler:264 - Not possible to get timelines.
	Response code: 403
2015-04-20 19:20:06 ERROR SessionHandler:320 - java.lang.NullPointerException
2015-04-20 19:20:16 ERROR SessionHandler:320 - java.lang.NullPointerException
2015-04-20 19:20:24 INFO  SessionHandler:140 - User successfully signed in
2015-04-20 19:20:24 INFO  SessionHandler:186 - User found and assigned to user session
2015-04-20 19:20:24 ERROR SessionHandler:264 - Not possible to get timelines.
	Response code: 403
2015-04-20 19:27:02 INFO  SessionHandler:140 - User successfully signed in
2015-04-20 19:27:02 INFO  SessionHandler:186 - User found and assigned to user session
2015-04-20 19:27:03 ERROR SessionHandler:264 - Not possible to get timelines.
	Response code: 403
2015-04-20 19:28:48 INFO  SessionHandler:140 - User successfully signed in
2015-04-20 19:28:49 INFO  SessionHandler:186 - User found and assigned to user session
2015-04-20 19:28:49 INFO  SessionHandler:260 - Timelines requested succesfully
2015-04-20 19:29:56 INFO  SessionHandler:140 - User successfully signed in
2015-04-20 19:29:57 INFO  SessionHandler:186 - User found and assigned to user session
2015-04-20 19:29:57 INFO  SessionHandler:260 - Timelines requested succesfully
2015-04-20 19:35:33 INFO  SessionHandler:140 - User successfully signed in
2015-04-20 19:35:33 INFO  SessionHandler:186 - User found and assigned to user session
2015-04-20 19:35:34 INFO  SessionHandler:260 - Timelines requested succesfully
2015-04-21 15:21:34 INFO  SessionHandler:140 - User successfully signed in
2015-04-21 15:21:34 INFO  SessionHandler:186 - User found and assigned to user session
2015-04-21 15:21:34 INFO  SessionHandler:264 - Timelines requested succesfully
2015-04-21 15:21:44 INFO  SessionHandler:315 - Timeline created
2015-04-21 15:21:44 INFO  SessionHandler:264 - Timelines requested succesfully
2015-04-21 15:27:13 INFO  SessionHandler:140 - User successfully signed in
2015-04-21 15:27:13 INFO  SessionHandler:186 - User found and assigned to user session
2015-04-21 15:27:13 INFO  SessionHandler:264 - Timelines requested succesfully
2015-04-21 15:34:18 INFO  SessionHandler:140 - User successfully signed in
2015-04-21 15:34:18 INFO  SessionHandler:186 - User found and assigned to user session
2015-04-21 15:34:18 INFO  SessionHandler:264 - Timelines requested succesfully
2015-04-21 15:38:41 INFO  SessionHandler:140 - User successfully signed in
2015-04-21 15:38:41 INFO  SessionHandler:186 - User found and assigned to user session
2015-04-21 15:38:42 INFO  SessionHandler:264 - Timelines requested succesfully
2015-04-21 15:40:14 INFO  SessionHandler:140 - User successfully signed in
2015-04-21 15:40:15 INFO  SessionHandler:186 - User found and assigned to user session
2015-04-21 15:40:15 INFO  SessionHandler:264 - Timelines requested succesfully
2015-04-21 15:43:24 INFO  SessionHandler:140 - User successfully signed in
2015-04-21 15:43:25 INFO  SessionHandler:186 - User found and assigned to user session
2015-04-21 15:43:25 INFO  SessionHandler:264 - Timelines requested succesfully
2015-04-21 15:43:32 INFO  SessionHandler:315 - Timeline created
2015-04-21 15:43:32 INFO  SessionHandler:264 - Timelines requested succesfully
2015-04-21 15:43:58 INFO  SessionHandler:140 - User successfully signed in
2015-04-21 15:43:58 INFO  SessionHandler:186 - User found and assigned to user session
2015-04-21 15:43:58 INFO  SessionHandler:264 - Timelines requested succesfully
2015-04-21 15:44:15 INFO  SessionHandler:315 - Timeline created
2015-04-21 15:44:15 INFO  SessionHandler:264 - Timelines requested succesfully
2015-04-21 15:51:30 INFO  SessionHandler:140 - User successfully signed in
2015-04-21 15:51:30 INFO  SessionHandler:186 - User found and assigned to user session
2015-04-21 15:51:30 INFO  SessionHandler:264 - Timelines requested succesfully
2015-04-21 16:23:39 INFO  SessionHandler:140 - User successfully signed in
2015-04-21 16:23:39 INFO  SessionHandler:186 - User found and assigned to user session
2015-04-21 16:23:39 INFO  SessionHandler:264 - Timelines requested succesfully
2015-04-21 16:32:07 INFO  SessionHandler:140 - User successfully signed in
2015-04-21 16:32:08 INFO  SessionHandler:186 - User found and assigned to user session
2015-04-21 16:32:08 INFO  SessionHandler:264 - Timelines requested succesfully
2015-04-21 16:33:15 INFO  SessionHandler:140 - User successfully signed in
2015-04-21 16:33:15 INFO  SessionHandler:186 - User found and assigned to user session
2015-04-21 16:33:15 INFO  SessionHandler:264 - Timelines requested succesfully
2015-04-21 16:33:39 INFO  SessionHandler:140 - User successfully signed in
2015-04-21 16:33:39 INFO  SessionHandler:186 - User found and assigned to user session
2015-04-21 16:33:40 INFO  SessionHandler:264 - Timelines requested succesfully
2015-04-22 15:45:55 ERROR SessionHandler:161 - org.apache.http.conn.HttpHostConnectException: Connect to herrlintech.se:8000 [herrlintech.se/46.59.102.113] failed: Connection timed out: connect
2015-04-22 15:49:17 ERROR SessionHandler:161 - org.apache.http.conn.HttpHostConnectException: Connect to herrlintech.se:8000 [herrlintech.se/46.59.102.113] failed: Connection timed out: connect
2015-04-22 15:50:39 INFO  SessionHandler:145 - User successfully signed in
2015-04-22 15:50:39 INFO  SessionHandler:191 - User found and assigned to user session
2015-04-22 15:50:39 INFO  SessionHandler:309 - Timelines requested succesfully
2015-04-22 16:31:35 INFO  SessionHandler:145 - User successfully signed in
2015-04-22 16:31:35 INFO  SessionHandler:191 - User found and assigned to user session
2015-04-22 16:31:35 INFO  SessionHandler:309 - Timelines requested succesfully
2015-04-22 16:32:08 INFO  SessionHandler:145 - User successfully signed in
2015-04-22 16:32:08 INFO  SessionHandler:191 - User found and assigned to user session
2015-04-22 16:32:08 INFO  SessionHandler:309 - Timelines requested succesfully
2015-04-22 16:32:20 INFO  SessionHandler:360 - Timeline created
2015-04-22 16:32:20 INFO  SessionHandler:309 - Timelines requested succesfully
2015-04-22 16:32:26 INFO  SessionHandler:145 - User successfully signed in
2015-04-22 16:32:27 INFO  SessionHandler:191 - User found and assigned to user session
2015-04-22 16:32:27 INFO  SessionHandler:309 - Timelines requested succesfully
2015-04-22 16:33:05 INFO  SessionHandler:145 - User successfully signed in
2015-04-22 16:33:06 INFO  SessionHandler:191 - User found and assigned to user session
2015-04-22 16:33:06 INFO  SessionHandler:309 - Timelines requested succesfully
2015-04-22 16:33:44 INFO  SessionHandler:145 - User successfully signed in
2015-04-22 16:33:44 INFO  SessionHandler:191 - User found and assigned to user session
2015-04-22 16:33:44 INFO  SessionHandler:309 - Timelines requested succesfully
2015-04-22 16:33:58 INFO  SessionHandler:360 - Timeline created
2015-04-22 16:33:58 INFO  SessionHandler:309 - Timelines requested succesfully
2015-04-22 16:34:04 INFO  SessionHandler:145 - User successfully signed in
2015-04-22 16:34:05 INFO  SessionHandler:191 - User found and assigned to user session
2015-04-22 16:34:05 INFO  SessionHandler:309 - Timelines requested succesfully
2015-04-22 16:38:17 INFO  SessionHandler:145 - User successfully signed in
2015-04-22 16:38:17 INFO  SessionHandler:191 - User found and assigned to user session
2015-04-22 16:38:17 INFO  SessionHandler:309 - Timelines requested succesfully
2015-04-22 16:48:35 INFO  SessionHandler:141 - User successfully signed in
2015-04-22 16:48:35 INFO  SessionHandler:187 - User found and assigned to user session
2015-04-22 16:48:35 INFO  SessionHandler:304 - Timelines requested succesfully
2015-04-22 16:49:16 INFO  SessionHandler:141 - User successfully signed in
2015-04-22 16:49:16 INFO  SessionHandler:187 - User found and assigned to user session
2015-04-22 16:49:17 INFO  SessionHandler:304 - Timelines requested succesfully
2015-04-22 16:52:00 INFO  SessionHandler:141 - User successfully signed in
2015-04-22 16:52:00 INFO  SessionHandler:187 - User found and assigned to user session
2015-04-22 16:52:01 INFO  SessionHandler:304 - Timelines requested succesfully
2015-04-22 16:53:09 INFO  SessionHandler:141 - User successfully signed in
2015-04-22 16:53:10 INFO  SessionHandler:187 - User found and assigned to user session
2015-04-22 16:53:10 INFO  SessionHandler:304 - Timelines requested succesfully
2015-04-22 16:53:11 INFO  SessionHandler:445 - Events request succesfully
2015-04-22 16:54:35 INFO  SessionHandler:141 - User successfully signed in
2015-04-22 16:54:35 INFO  SessionHandler:187 - User found and assigned to user session
2015-04-22 16:54:35 INFO  SessionHandler:304 - Timelines requested succesfully
2015-04-22 16:54:36 INFO  SessionHandler:445 - Events request succesfully
2015-04-22 17:13:02 INFO  SessionHandler:141 - User successfully signed in
2015-04-22 17:13:02 INFO  SessionHandler:187 - User found and assigned to user session
2015-04-22 17:13:02 INFO  SessionHandler:304 - Timelines requested succesfully
2015-04-22 17:13:03 INFO  SessionHandler:445 - Events request succesfully
2015-04-22 17:13:22 INFO  SessionHandler:141 - User successfully signed in
2015-04-22 17:13:22 INFO  SessionHandler:187 - User found and assigned to user session
2015-04-22 17:13:22 INFO  SessionHandler:304 - Timelines requested succesfully
2015-04-22 17:13:23 INFO  SessionHandler:445 - Events request succesfully
2015-04-22 17:13:38 INFO  SessionHandler:141 - User successfully signed in
2015-04-22 17:13:38 INFO  SessionHandler:187 - User found and assigned to user session
2015-04-22 17:13:38 INFO  SessionHandler:304 - Timelines requested succesfully
2015-04-22 17:13:39 INFO  SessionHandler:445 - Events request succesfully
2015-04-22 17:14:44 INFO  SessionHandler:141 - User successfully signed in
2015-04-22 17:14:44 INFO  SessionHandler:187 - User found and assigned to user session
2015-04-22 17:14:44 INFO  SessionHandler:304 - Timelines requested succesfully
2015-04-22 17:14:46 INFO  SessionHandler:445 - Events request succesfully
2015-04-22 17:14:52 INFO  SessionHandler:445 - Events request succesfully
2015-04-22 17:14:52 INFO  SessionHandler:445 - Events request succesfully
2015-04-22 17:15:02 INFO  SessionHandler:141 - User successfully signed in
2015-04-22 17:15:02 INFO  SessionHandler:187 - User found and assigned to user session
2015-04-22 17:15:02 INFO  SessionHandler:304 - Timelines requested succesfully
2015-04-22 17:15:03 INFO  SessionHandler:445 - Events request succesfully
2015-04-22 17:15:15 INFO  SessionHandler:141 - User successfully signed in
2015-04-22 17:15:15 INFO  SessionHandler:187 - User found and assigned to user session
2015-04-22 17:15:15 INFO  SessionHandler:304 - Timelines requested succesfully
2015-04-22 17:15:16 INFO  SessionHandler:445 - Events request succesfully
2015-04-22 17:16:49 INFO  SessionHandler:141 - User successfully signed in
2015-04-22 17:16:49 INFO  SessionHandler:187 - User found and assigned to user session
2015-04-22 17:16:49 INFO  SessionHandler:304 - Timelines requested succesfully
2015-04-22 17:16:51 INFO  SessionHandler:445 - Events request succesfully
2015-04-22 17:17:25 INFO  SessionHandler:141 - User successfully signed in
2015-04-22 17:17:25 INFO  SessionHandler:187 - User found and assigned to user session
2015-04-22 17:17:25 INFO  SessionHandler:304 - Timelines requested succesfully
2015-04-22 17:17:27 INFO  SessionHandler:445 - Events request succesfully
2015-04-22 17:18:12 INFO  SessionHandler:141 - User successfully signed in
2015-04-22 17:18:12 INFO  SessionHandler:187 - User found and assigned to user session
2015-04-22 17:18:12 INFO  SessionHandler:304 - Timelines requested succesfully
2015-04-22 17:18:14 INFO  SessionHandler:445 - Events request succesfully
2015-04-22 17:18:45 INFO  SessionHandler:141 - User successfully signed in
2015-04-22 17:18:45 INFO  SessionHandler:187 - User found and assigned to user session
2015-04-22 17:18:45 INFO  SessionHandler:304 - Timelines requested succesfully
2015-04-22 17:18:47 INFO  SessionHandler:445 - Events request succesfully
2015-04-22 17:19:30 INFO  SessionHandler:141 - User successfully signed in
2015-04-22 17:19:30 INFO  SessionHandler:187 - User found and assigned to user session
2015-04-22 17:19:30 INFO  SessionHandler:304 - Timelines requested succesfully
2015-04-22 17:19:32 INFO  SessionHandler:445 - Events request succesfully
2015-04-22 17:21:34 INFO  SessionHandler:141 - User successfully signed in
2015-04-22 17:21:34 INFO  SessionHandler:187 - User found and assigned to user session
2015-04-22 17:21:34 INFO  SessionHandler:304 - Timelines requested succesfully
2015-04-22 17:21:35 INFO  SessionHandler:445 - Events request succesfully
2015-04-22 17:22:51 INFO  SessionHandler:141 - User successfully signed in
2015-04-22 17:22:51 INFO  SessionHandler:187 - User found and assigned to user session
2015-04-22 17:22:51 INFO  SessionHandler:304 - Timelines requested succesfully
2015-04-22 17:22:52 INFO  SessionHandler:445 - Events request succesfully
2015-04-22 17:25:19 INFO  SessionHandler:141 - User successfully signed in
2015-04-22 17:25:19 INFO  SessionHandler:187 - User found and assigned to user session
2015-04-22 17:25:19 INFO  SessionHandler:304 - Timelines requested succesfully
2015-04-22 17:25:21 INFO  SessionHandler:445 - Events request succesfully
2015-04-22 17:30:19 INFO  SessionHandler:141 - User successfully signed in
2015-04-22 17:30:19 INFO  SessionHandler:187 - User found and assigned to user session
2015-04-22 17:30:19 INFO  SessionHandler:304 - Timelines requested succesfully
2015-04-22 17:30:20 INFO  SessionHandler:445 - Events request succesfully
2015-04-22 17:31:10 INFO  SessionHandler:141 - User successfully signed in
2015-04-22 17:31:10 INFO  SessionHandler:187 - User found and assigned to user session
2015-04-22 17:31:10 INFO  SessionHandler:304 - Timelines requested succesfully
2015-04-22 17:31:11 INFO  SessionHandler:445 - Events request succesfully
2015-04-22 17:32:59 INFO  SessionHandler:141 - User successfully signed in
2015-04-22 17:32:59 INFO  SessionHandler:187 - User found and assigned to user session
2015-04-22 17:32:59 INFO  SessionHandler:304 - Timelines requested succesfully
2015-04-22 17:33:01 INFO  SessionHandler:445 - Events request succesfully
2015-04-22 17:33:33 INFO  SessionHandler:141 - User successfully signed in
2015-04-22 17:33:33 INFO  SessionHandler:187 - User found and assigned to user session
2015-04-22 17:33:33 INFO  SessionHandler:304 - Timelines requested succesfully
2015-04-22 17:33:34 INFO  SessionHandler:445 - Events request succesfully
2015-04-22 17:37:21 INFO  SessionHandler:141 - User successfully signed in
2015-04-22 17:37:21 INFO  SessionHandler:187 - User found and assigned to user session
2015-04-22 17:37:21 INFO  SessionHandler:304 - Timelines requested succesfully
2015-04-22 17:37:23 INFO  SessionHandler:445 - Events request succesfully
2015-04-22 17:37:48 INFO  SessionHandler:141 - User successfully signed in
2015-04-22 17:37:49 INFO  SessionHandler:187 - User found and assigned to user session
2015-04-22 17:37:49 INFO  SessionHandler:304 - Timelines requested succesfully
2015-04-22 17:37:54 INFO  SessionHandler:445 - Events request succesfully
2015-04-22 17:38:49 INFO  SessionHandler:141 - User successfully signed in
2015-04-22 17:38:49 INFO  SessionHandler:187 - User found and assigned to user session
2015-04-22 17:38:49 INFO  SessionHandler:304 - Timelines requested succesfully
2015-04-22 17:38:50 INFO  SessionHandler:445 - Events request succesfully
2015-04-22 17:38:53 INFO  SessionHandler:445 - Events request succesfully
2015-04-22 17:39:06 INFO  SessionHandler:141 - User successfully signed in
2015-04-22 17:39:06 INFO  SessionHandler:187 - User found and assigned to user session
2015-04-22 17:39:06 INFO  SessionHandler:304 - Timelines requested succesfully
2015-04-22 17:39:08 INFO  SessionHandler:445 - Events request succesfully
2015-04-22 17:45:20 INFO  SessionHandler:141 - User successfully signed in
2015-04-22 17:45:20 INFO  SessionHandler:187 - User found and assigned to user session
2015-04-22 17:45:20 INFO  SessionHandler:304 - Timelines requested succesfully
2015-04-22 17:45:25 INFO  SessionHandler:445 - Events request succesfully
2015-04-22 17:46:52 INFO  SessionHandler:141 - User successfully signed in
2015-04-22 17:46:52 INFO  SessionHandler:187 - User found and assigned to user session
2015-04-22 17:46:53 INFO  SessionHandler:304 - Timelines requested succesfully
2015-04-22 17:46:54 INFO  SessionHandler:445 - Events request succesfully
2015-04-22 17:49:53 INFO  SessionHandler:141 - User successfully signed in
2015-04-22 17:49:54 INFO  SessionHandler:187 - User found and assigned to user session
2015-04-22 17:49:54 INFO  SessionHandler:304 - Timelines requested succesfully
2015-04-22 17:49:55 INFO  SessionHandler:445 - Events request succesfully
2015-04-22 17:49:55 INFO  SessionHandler:304 - Timelines requested succesfully
2015-04-22 17:49:55 INFO  SessionHandler:304 - Timelines requested succesfully
2015-04-22 17:49:55 INFO  SessionHandler:304 - Timelines requested succesfully
2015-04-22 17:49:55 INFO  SessionHandler:304 - Timelines requested succesfully
2015-04-22 17:51:15 INFO  SessionHandler:141 - User successfully signed in
2015-04-22 17:51:15 INFO  SessionHandler:187 - User found and assigned to user session
2015-04-22 17:51:15 INFO  SessionHandler:304 - Timelines requested succesfully
2015-04-22 17:51:17 INFO  SessionHandler:445 - Events request succesfully
2015-04-22 17:51:17 INFO  SessionHandler:304 - Timelines requested succesfully
2015-04-22 17:51:17 INFO  SessionHandler:304 - Timelines requested succesfully
2015-04-22 17:51:17 INFO  SessionHandler:304 - Timelines requested succesfully
2015-04-22 17:51:17 INFO  SessionHandler:304 - Timelines requested succesfully
2015-04-22 19:58:39 INFO  SessionHandler:141 - User successfully signed in
2015-04-22 19:58:39 INFO  SessionHandler:187 - User found and assigned to user session
2015-04-22 19:58:39 INFO  SessionHandler:304 - Timelines requested succesfully
2015-04-22 19:58:41 INFO  SessionHandler:445 - Events request succesfully
2015-04-22 19:58:41 INFO  SessionHandler:304 - Timelines requested succesfully
2015-04-22 19:58:42 INFO  SessionHandler:304 - Timelines requested succesfully
2015-04-22 19:58:42 INFO  SessionHandler:304 - Timelines requested succesfully
2015-04-22 19:58:42 INFO  SessionHandler:304 - Timelines requested succesfully
2015-04-22 19:59:52 INFO  SessionHandler:141 - User successfully signed in
2015-04-22 19:59:52 INFO  SessionHandler:187 - User found and assigned to user session
2015-04-22 19:59:52 INFO  SessionHandler:304 - Timelines requested succesfully
2015-04-22 19:59:53 INFO  SessionHandler:445 - Events request succesfully
2015-04-22 19:59:53 INFO  SessionHandler:304 - Timelines requested succesfully
2015-04-22 19:59:53 INFO  SessionHandler:304 - Timelines requested succesfully
2015-04-22 19:59:53 INFO  SessionHandler:304 - Timelines requested succesfully
2015-04-22 19:59:53 INFO  SessionHandler:304 - Timelines requested succesfully
2015-04-22 20:02:44 INFO  SessionHandler:141 - User successfully signed in
2015-04-22 20:02:45 INFO  SessionHandler:187 - User found and assigned to user session
2015-04-22 20:02:45 INFO  SessionHandler:304 - Timelines requested succesfully
2015-04-22 20:02:46 INFO  SessionHandler:445 - Events request succesfully
2015-04-22 20:02:47 INFO  SessionHandler:304 - Timelines requested succesfully
2015-04-22 20:02:47 INFO  SessionHandler:304 - Timelines requested succesfully
2015-04-22 20:02:47 INFO  SessionHandler:304 - Timelines requested succesfully
2015-04-22 20:02:47 INFO  SessionHandler:304 - Timelines requested succesfully
2015-04-22 20:05:01 INFO  SessionHandler:141 - User successfully signed in
2015-04-22 20:05:01 INFO  SessionHandler:187 - User found and assigned to user session
2015-04-22 20:05:01 INFO  SessionHandler:304 - Timelines requested succesfully
2015-04-22 20:05:04 INFO  SessionHandler:445 - Events request succesfully
2015-04-22 20:05:04 INFO  SessionHandler:304 - Timelines requested succesfully
2015-04-22 20:05:04 INFO  SessionHandler:304 - Timelines requested succesfully
2015-04-22 20:05:04 INFO  SessionHandler:304 - Timelines requested succesfully
2015-04-22 20:05:04 INFO  SessionHandler:304 - Timelines requested succesfully
2015-04-22 20:05:27 INFO  SessionHandler:141 - User successfully signed in
2015-04-22 20:05:28 INFO  SessionHandler:187 - User found and assigned to user session
2015-04-22 20:05:28 INFO  SessionHandler:304 - Timelines requested succesfully
2015-04-22 20:05:29 INFO  SessionHandler:445 - Events request succesfully
2015-04-22 20:05:29 INFO  SessionHandler:304 - Timelines requested succesfully
2015-04-22 20:05:29 INFO  SessionHandler:304 - Timelines requested succesfully
2015-04-22 20:05:30 INFO  SessionHandler:304 - Timelines requested succesfully
2015-04-22 20:05:30 INFO  SessionHandler:304 - Timelines requested succesfully
2015-04-22 20:06:48 INFO  SessionHandler:141 - User successfully signed in
2015-04-22 20:06:48 INFO  SessionHandler:187 - User found and assigned to user session
2015-04-22 20:06:48 INFO  SessionHandler:304 - Timelines requested succesfully
2015-04-22 20:06:50 INFO  SessionHandler:445 - Events request succesfully
2015-04-22 20:06:50 INFO  SessionHandler:304 - Timelines requested succesfully
2015-04-22 20:06:50 INFO  SessionHandler:304 - Timelines requested succesfully
2015-04-22 20:06:50 INFO  SessionHandler:304 - Timelines requested succesfully
2015-04-22 20:06:50 INFO  SessionHandler:304 - Timelines requested succesfully
2015-04-22 20:07:02 INFO  SessionHandler:445 - Events request succesfully
2015-04-22 20:07:02 INFO  SessionHandler:304 - Timelines requested succesfully
2015-04-22 20:07:02 INFO  SessionHandler:304 - Timelines requested succesfully
2015-04-22 20:07:02 INFO  SessionHandler:304 - Timelines requested succesfully
2015-04-22 20:07:02 INFO  SessionHandler:304 - Timelines requested succesfully
2015-04-22 20:07:13 INFO  SessionHandler:141 - User successfully signed in
2015-04-22 20:07:13 INFO  SessionHandler:187 - User found and assigned to user session
2015-04-22 20:07:13 INFO  SessionHandler:304 - Timelines requested succesfully
2015-04-22 20:07:14 INFO  SessionHandler:445 - Events request succesfully
2015-04-22 20:07:14 INFO  SessionHandler:304 - Timelines requested succesfully
2015-04-22 20:07:15 INFO  SessionHandler:304 - Timelines requested succesfully
2015-04-22 20:07:15 INFO  SessionHandler:304 - Timelines requested succesfully
2015-04-22 20:07:15 INFO  SessionHandler:304 - Timelines requested succesfully
2015-04-22 20:09:19 INFO  SessionHandler:141 - User successfully signed in
2015-04-22 20:09:19 INFO  SessionHandler:187 - User found and assigned to user session
2015-04-22 20:09:19 INFO  SessionHandler:304 - Timelines requested succesfully
2015-04-22 20:09:21 INFO  SessionHandler:445 - Events request succesfully
2015-04-22 20:09:21 INFO  SessionHandler:304 - Timelines requested succesfully
2015-04-22 20:09:21 INFO  SessionHandler:304 - Timelines requested succesfully
2015-04-22 20:09:21 INFO  SessionHandler:304 - Timelines requested succesfully
2015-04-22 20:09:21 INFO  SessionHandler:304 - Timelines requested succesfully
2015-04-22 20:09:21 INFO  SessionHandler:304 - Timelines requested succesfully
2015-04-22 20:09:21 INFO  SessionHandler:304 - Timelines requested succesfully
2015-04-22 20:09:21 INFO  SessionHandler:304 - Timelines requested succesfully
2015-04-22 20:09:21 INFO  SessionHandler:304 - Timelines requested succesfully
2015-04-22 20:11:24 INFO  SessionHandler:141 - User successfully signed in
2015-04-22 20:11:24 INFO  SessionHandler:187 - User found and assigned to user session
2015-04-22 20:11:24 INFO  SessionHandler:304 - Timelines requested succesfully
2015-04-22 20:11:25 INFO  SessionHandler:445 - Events request succesfully
2015-04-22 20:11:25 INFO  SessionHandler:304 - Timelines requested succesfully
2015-04-22 20:11:25 INFO  SessionHandler:304 - Timelines requested succesfully
2015-04-22 20:11:25 INFO  SessionHandler:304 - Timelines requested succesfully
2015-04-22 20:11:26 INFO  SessionHandler:304 - Timelines requested succesfully
2015-04-22 20:11:26 INFO  SessionHandler:304 - Timelines requested succesfully
2015-04-22 20:11:26 INFO  SessionHandler:304 - Timelines requested succesfully
2015-04-22 20:11:26 INFO  SessionHandler:304 - Timelines requested succesfully
2015-04-22 20:11:26 INFO  SessionHandler:304 - Timelines requested succesfully
2015-04-22 20:12:55 INFO  SessionHandler:141 - User successfully signed in
2015-04-22 20:12:55 INFO  SessionHandler:187 - User found and assigned to user session
2015-04-22 20:12:56 INFO  SessionHandler:304 - Timelines requested succesfully
2015-04-22 20:12:57 INFO  SessionHandler:445 - Events request succesfully
2015-04-22 20:12:57 INFO  SessionHandler:304 - Timelines requested succesfully
2015-04-22 20:12:58 INFO  SessionHandler:304 - Timelines requested succesfully
2015-04-22 20:12:58 INFO  SessionHandler:304 - Timelines requested succesfully
2015-04-22 20:12:58 INFO  SessionHandler:304 - Timelines requested succesfully
2015-04-22 20:12:58 INFO  SessionHandler:304 - Timelines requested succesfully
2015-04-22 20:12:58 INFO  SessionHandler:304 - Timelines requested succesfully
2015-04-22 20:12:58 INFO  SessionHandler:304 - Timelines requested succesfully
2015-04-22 20:12:58 INFO  SessionHandler:304 - Timelines requested succesfully
2015-04-22 20:15:45 INFO  SessionHandler:141 - User successfully signed in
2015-04-22 20:15:46 INFO  SessionHandler:187 - User found and assigned to user session
2015-04-22 20:15:46 INFO  SessionHandler:304 - Timelines requested succesfully
2015-04-22 20:15:47 INFO  SessionHandler:445 - Events request succesfully
2015-04-22 20:15:47 INFO  SessionHandler:304 - Timelines requested succesfully
2015-04-22 20:15:47 INFO  SessionHandler:304 - Timelines requested succesfully
2015-04-22 20:15:47 INFO  SessionHandler:304 - Timelines requested succesfully
2015-04-22 20:15:47 INFO  SessionHandler:304 - Timelines requested succesfully
2015-04-22 20:15:47 INFO  SessionHandler:304 - Timelines requested succesfully
2015-04-22 20:15:48 INFO  SessionHandler:304 - Timelines requested succesfully
2015-04-22 20:15:48 INFO  SessionHandler:304 - Timelines requested succesfully
2015-04-22 20:15:48 INFO  SessionHandler:304 - Timelines requested succesfully
2015-04-22 20:16:26 INFO  SessionHandler:141 - User successfully signed in
2015-04-22 20:16:26 INFO  SessionHandler:187 - User found and assigned to user session
2015-04-22 20:16:26 INFO  SessionHandler:304 - Timelines requested succesfully
2015-04-22 20:16:28 INFO  SessionHandler:445 - Events request succesfully
2015-04-22 20:16:28 INFO  SessionHandler:304 - Timelines requested succesfully
2015-04-22 20:16:28 INFO  SessionHandler:304 - Timelines requested succesfully
2015-04-22 20:16:28 INFO  SessionHandler:304 - Timelines requested succesfully
2015-04-22 20:16:28 INFO  SessionHandler:304 - Timelines requested succesfully
2015-04-22 20:16:28 INFO  SessionHandler:304 - Timelines requested succesfully
2015-04-22 20:16:28 INFO  SessionHandler:304 - Timelines requested succesfully
2015-04-22 20:16:28 INFO  SessionHandler:304 - Timelines requested succesfully
2015-04-22 20:16:28 INFO  SessionHandler:304 - Timelines requested succesfully
2015-04-22 20:17:30 INFO  SessionHandler:141 - User successfully signed in
2015-04-22 20:17:30 INFO  SessionHandler:187 - User found and assigned to user session
2015-04-22 20:17:31 INFO  SessionHandler:304 - Timelines requested succesfully
2015-04-22 20:17:33 INFO  SessionHandler:445 - Events request succesfully
2015-04-22 20:17:33 INFO  SessionHandler:304 - Timelines requested succesfully
2015-04-22 20:17:33 INFO  SessionHandler:304 - Timelines requested succesfully
2015-04-22 20:17:33 INFO  SessionHandler:304 - Timelines requested succesfully
2015-04-22 20:17:33 INFO  SessionHandler:304 - Timelines requested succesfully
2015-04-22 20:17:33 INFO  SessionHandler:304 - Timelines requested succesfully
2015-04-22 20:17:33 INFO  SessionHandler:304 - Timelines requested succesfully
2015-04-22 20:17:33 INFO  SessionHandler:304 - Timelines requested succesfully
2015-04-22 20:17:33 INFO  SessionHandler:304 - Timelines requested succesfully
2015-04-22 20:19:27 INFO  SessionHandler:141 - User successfully signed in
2015-04-22 20:19:27 INFO  SessionHandler:187 - User found and assigned to user session
2015-04-22 20:19:27 INFO  SessionHandler:304 - Timelines requested succesfully
2015-04-22 20:19:28 INFO  SessionHandler:445 - Events request succesfully
2015-04-22 20:19:28 INFO  SessionHandler:304 - Timelines requested succesfully
2015-04-22 20:19:28 INFO  SessionHandler:304 - Timelines requested succesfully
2015-04-22 20:19:28 INFO  SessionHandler:304 - Timelines requested succesfully
2015-04-22 20:19:28 INFO  SessionHandler:304 - Timelines requested succesfully
2015-04-22 20:19:29 INFO  SessionHandler:304 - Timelines requested succesfully
2015-04-22 20:19:29 INFO  SessionHandler:304 - Timelines requested succesfully
2015-04-22 20:19:29 INFO  SessionHandler:304 - Timelines requested succesfully
2015-04-22 20:19:29 INFO  SessionHandler:304 - Timelines requested succesfully
2015-04-22 20:19:43 INFO  SessionHandler:141 - User successfully signed in
2015-04-22 20:19:43 INFO  SessionHandler:187 - User found and assigned to user session
2015-04-22 20:19:43 INFO  SessionHandler:304 - Timelines requested succesfully
2015-04-22 20:19:45 INFO  SessionHandler:445 - Events request succesfully
2015-04-22 20:19:45 INFO  SessionHandler:304 - Timelines requested succesfully
2015-04-22 20:19:45 INFO  SessionHandler:304 - Timelines requested succesfully
2015-04-22 20:19:45 INFO  SessionHandler:304 - Timelines requested succesfully
2015-04-22 20:19:45 INFO  SessionHandler:304 - Timelines requested succesfully
2015-04-22 20:19:45 INFO  SessionHandler:304 - Timelines requested succesfully
2015-04-22 20:19:45 INFO  SessionHandler:304 - Timelines requested succesfully
2015-04-22 20:19:45 INFO  SessionHandler:304 - Timelines requested succesfully
2015-04-22 20:19:45 INFO  SessionHandler:304 - Timelines requested succesfully
2015-04-22 20:20:22 INFO  SessionHandler:141 - User successfully signed in
2015-04-22 20:20:22 INFO  SessionHandler:187 - User found and assigned to user session
2015-04-22 20:20:22 INFO  SessionHandler:304 - Timelines requested succesfully
2015-04-22 20:20:23 INFO  SessionHandler:445 - Events request succesfully
2015-04-22 20:20:23 INFO  SessionHandler:304 - Timelines requested succesfully
2015-04-22 20:20:24 INFO  SessionHandler:304 - Timelines requested succesfully
2015-04-22 20:20:24 INFO  SessionHandler:304 - Timelines requested succesfully
2015-04-22 20:20:24 INFO  SessionHandler:304 - Timelines requested succesfully
2015-04-22 20:20:24 INFO  SessionHandler:304 - Timelines requested succesfully
2015-04-22 20:20:24 INFO  SessionHandler:304 - Timelines requested succesfully
2015-04-22 20:20:24 INFO  SessionHandler:304 - Timelines requested succesfully
2015-04-22 20:20:24 INFO  SessionHandler:304 - Timelines requested succesfully
2015-04-22 20:20:48 INFO  SessionHandler:141 - User successfully signed in
2015-04-22 20:20:49 INFO  SessionHandler:187 - User found and assigned to user session
2015-04-22 20:20:49 INFO  SessionHandler:304 - Timelines requested succesfully
2015-04-22 20:20:50 INFO  SessionHandler:445 - Events request succesfully
2015-04-22 20:20:50 INFO  SessionHandler:304 - Timelines requested succesfully
2015-04-22 20:20:50 INFO  SessionHandler:304 - Timelines requested succesfully
2015-04-22 20:20:50 INFO  SessionHandler:304 - Timelines requested succesfully
2015-04-22 20:20:50 INFO  SessionHandler:304 - Timelines requested succesfully
2015-04-22 20:20:51 INFO  SessionHandler:304 - Timelines requested succesfully
2015-04-22 20:20:51 INFO  SessionHandler:304 - Timelines requested succesfully
2015-04-22 20:20:51 INFO  SessionHandler:304 - Timelines requested succesfully
2015-04-22 20:20:51 INFO  SessionHandler:304 - Timelines requested succesfully
2015-04-22 20:21:47 INFO  SessionHandler:141 - User successfully signed in
2015-04-22 20:21:48 INFO  SessionHandler:187 - User found and assigned to user session
2015-04-22 20:21:48 INFO  SessionHandler:304 - Timelines requested succesfully
2015-04-22 20:21:49 INFO  SessionHandler:445 - Events request succesfully
2015-04-22 20:21:49 INFO  SessionHandler:304 - Timelines requested succesfully
2015-04-22 20:21:49 INFO  SessionHandler:304 - Timelines requested succesfully
2015-04-22 20:21:50 INFO  SessionHandler:304 - Timelines requested succesfully
2015-04-22 20:21:50 INFO  SessionHandler:304 - Timelines requested succesfully
2015-04-22 20:21:50 INFO  SessionHandler:304 - Timelines requested succesfully
2015-04-22 20:21:50 INFO  SessionHandler:304 - Timelines requested succesfully
2015-04-22 20:21:50 INFO  SessionHandler:304 - Timelines requested succesfully
2015-04-22 20:21:50 INFO  SessionHandler:304 - Timelines requested succesfully
2015-04-22 20:23:10 INFO  SessionHandler:141 - User successfully signed in
2015-04-22 20:23:10 INFO  SessionHandler:187 - User found and assigned to user session
2015-04-22 20:23:10 INFO  SessionHandler:304 - Timelines requested succesfully
2015-04-22 20:23:11 INFO  SessionHandler:445 - Events request succesfully
2015-04-22 20:23:11 INFO  SessionHandler:304 - Timelines requested succesfully
2015-04-22 20:23:11 INFO  SessionHandler:304 - Timelines requested succesfully
2015-04-22 20:23:11 INFO  SessionHandler:304 - Timelines requested succesfully
2015-04-22 20:23:11 INFO  SessionHandler:304 - Timelines requested succesfully
2015-04-22 20:23:12 INFO  SessionHandler:304 - Timelines requested succesfully
2015-04-22 20:23:12 INFO  SessionHandler:304 - Timelines requested succesfully
2015-04-22 20:23:12 INFO  SessionHandler:304 - Timelines requested succesfully
2015-04-22 20:23:12 INFO  SessionHandler:304 - Timelines requested succesfully
2015-04-22 20:27:53 INFO  SessionHandler:141 - User successfully signed in
2015-04-22 20:27:53 INFO  SessionHandler:187 - User found and assigned to user session
2015-04-22 20:27:53 INFO  SessionHandler:304 - Timelines requested succesfully
2015-04-22 20:27:54 INFO  SessionHandler:445 - Events request succesfully
2015-04-22 20:27:54 INFO  SessionHandler:304 - Timelines requested succesfully
2015-04-22 20:27:54 INFO  SessionHandler:304 - Timelines requested succesfully
2015-04-22 20:27:54 INFO  SessionHandler:304 - Timelines requested succesfully
2015-04-22 20:27:54 INFO  SessionHandler:304 - Timelines requested succesfully
2015-04-22 20:27:55 INFO  SessionHandler:304 - Timelines requested succesfully
2015-04-22 20:27:55 INFO  SessionHandler:304 - Timelines requested succesfully
2015-04-22 20:27:55 INFO  SessionHandler:304 - Timelines requested succesfully
2015-04-22 20:27:55 INFO  SessionHandler:304 - Timelines requested succesfully
2015-04-22 20:30:18 INFO  SessionHandler:141 - User successfully signed in
2015-04-22 20:30:18 INFO  SessionHandler:187 - User found and assigned to user session
2015-04-22 20:30:18 INFO  SessionHandler:304 - Timelines requested succesfully
2015-04-22 20:30:19 INFO  SessionHandler:445 - Events request succesfully
2015-04-22 20:30:19 INFO  SessionHandler:304 - Timelines requested succesfully
2015-04-22 20:30:19 INFO  SessionHandler:304 - Timelines requested succesfully
2015-04-22 20:30:19 INFO  SessionHandler:304 - Timelines requested succesfully
2015-04-22 20:30:19 INFO  SessionHandler:304 - Timelines requested succesfully
2015-04-22 20:30:20 INFO  SessionHandler:304 - Timelines requested succesfully
2015-04-22 20:30:20 INFO  SessionHandler:304 - Timelines requested succesfully
2015-04-22 20:30:20 INFO  SessionHandler:304 - Timelines requested succesfully
2015-04-22 20:30:20 INFO  SessionHandler:304 - Timelines requested succesfully
